IP Generator (Version 2022.2-SP1-Lite build 132640)
Start generating at 2023-11-06 15:33
Instance: ascii_char_rom (D:\Project\FPGA_Project\Pango\zoom_1105C\sources\designs\udp_osd\ip_pango\ascii_char_rom\ascii_char_rom.idf)
IP: Pango DRM Based ROM (1.5)
Part: Logos-PGL50H-FBG484--6
Create directory 'rtl' ...
Copy 'rtl\ipml_rom_v1_5.v.xml' to 'rtl' ...
Copy 'rtl\ipml_spram_v1_5.v.xml' to 'rtl' ...
Compile file 'rtl\ipml_spram_v1_5.v.xml' to 'rtl\ipml_spram_v1_5_ascii_char_rom.v' ...
Compile file 'rtl\ipml_rom_v1_5.v.xml' to 'rtl\ipml_rom_v1_5_ascii_char_rom.v' ...
Copy 'ipml_rom_wrapper_v1_5.v.xml' ...
Compile file 'ipml_rom_wrapper_v1_5.v.xml' to 'ascii_char_rom.v' ...
Found top module 'ascii_char_rom' in file 'ascii_char_rom.v'.
Copy 'ipml_rom_wrapper_v1_3_tb.v.xml' ...
Compile file 'ipml_rom_wrapper_v1_3_tb.v.xml' to 'ascii_char_rom_tb.v' ...
Copy 'init_param_bin_exmp.dat' ...
Copy 'init_param_hex_exmp.dat' ...
Run file 'createParam.tcl' ...
Create template file 'ascii_char_rom_tmpl.v' ...
Create template file 'ascii_char_rom_tmpl.vhdl' ...
There are 3 source files to synthesize.
Synthesis is disabled.
Done: 0 error(s), 0 warning(s)
